The system is: Linux - 5.15.0-139-generic - x86_64
Compiling the CXX compiler identification source file "CMakeCXXCompilerId.cpp" succeeded.
Compiler: /usr/local/gcc-14.2.0/bin/c++ 
Build flags: 
Id flags:  

The output was:
0


Compilation of the CXX compiler identification source "CMakeCXXCompilerId.cpp" produced "a.out"

The CXX compiler identification is GNU, found in "/mnt/home/guansj/GeneAIG/GeneMltiAIG/CMakeFiles/3.18.0/CompilerIdCXX/a.out"

Detecting CXX compiler ABI info compiled with the following output:
Change Dir: /mnt/home/guansj/GeneAIG/GeneMltiAIG/CMakeFiles/CMakeTmp

Run Build Command(s):/usr/bin/make cmTC_ff67b/fast && /usr/bin/make  -f CMakeFiles/cmTC_ff67b.dir/build.make CMakeFiles/cmTC_ff67b.dir/build
make[1]: Entering directory '/mnt/home/guansj/GeneAIG/GeneMltiAIG/CMakeFiles/CMakeTmp'
make[1]: Warning: File 'CMakeFiles/cmTC_ff67b.dir/progress.make' has modification time 0.0027 s in the future
Building CXX object CMakeFiles/cmTC_ff67b.dir/CMakeCXXCompilerABI.cpp.o
/usr/local/gcc-14.2.0/bin/c++   -v -o CMakeFiles/cmTC_ff67b.dir/CMakeCXXCompilerABI.cpp.o -c /usr/local/share/cmake-3.18/Modules/CMakeCXXCompilerABI.cpp
Using built-in specs.
COLLECT_GCC=/usr/local/gcc-14.2.0/bin/c++
Target: x86_64-linux-gnu
Configured with: ./configure -v --build=x86_64-linux-gnu --host=x86_64-linux-gnu --target=x86_64-linux-gnu --prefix=/usr/local/gcc-14.1.0 --enable-checking=release --enable-languages=c,c++ --disable-multilib
Thread model: posix
Supported LTO compression algorithms: zlib
gcc version 14.2.0 (GCC) 
COLLECT_GCC_OPTIONS='-v' '-o' 'CMakeFiles/cmTC_ff67b.dir/CMakeCXXCompilerABI.cpp.o' '-c' '-shared-libgcc' '-mtune=generic' '-march=x86-64' '-dumpdir' 'CMakeFiles/cmTC_ff67b.dir/'
 /usr/local/gcc-14.2.0/bin/../libexec/gcc/x86_64-linux-gnu/14.2.0/cc1plus -quiet -v -imultiarch x86_64-linux-gnu -iprefix /usr/local/gcc-14.2.0/bin/../lib/gcc/x86_64-linux-gnu/14.2.0/ -D_GNU_SOURCE /usr/local/share/cmake-3.18/Modules/CMakeCXXCompilerABI.cpp -quiet -dumpdir CMakeFiles/cmTC_ff67b.dir/ -dumpbase CMakeCXXCompilerABI.cpp.cpp -dumpbase-ext .cpp -mtune=generic -march=x86-64 -version -o /tmp/ccJPPXqQ.s
GNU C++17 (GCC) version 14.2.0 (x86_64-linux-gnu)
	compiled by GNU C version 14.2.0, GMP version 6.2.0, MPFR version 4.0.2, MPC version 1.1.0, isl version none
GGC heuristics: --param ggc-min-expand=100 --param ggc-min-heapsize=131072
ignoring nonexistent directory "/usr/local/gcc-14.2.0/bin/../lib/gcc/x86_64-linux-gnu/14.2.0/../../../../x86_64-linux-gnu/include"
ignoring duplicate directory "/usr/local/gcc-14.2.0/bin/../lib/gcc/../../lib/gcc/x86_64-linux-gnu/14.2.0/../../../../include/c++/14.2.0"
ignoring duplicate directory "/usr/local/gcc-14.2.0/bin/../lib/gcc/../../lib/gcc/x86_64-linux-gnu/14.2.0/../../../../include/c++/14.2.0/x86_64-linux-gnu"
ignoring duplicate directory "/usr/local/gcc-14.2.0/bin/../lib/gcc/../../lib/gcc/x86_64-linux-gnu/14.2.0/../../../../include/c++/14.2.0/backward"
ignoring duplicate directory "/usr/local/gcc-14.2.0/bin/../lib/gcc/../../lib/gcc/x86_64-linux-gnu/14.2.0/include"
ignoring nonexistent directory "/usr/local/include/x86_64-linux-gnu"
ignoring duplicate directory "/usr/local/gcc-14.2.0/bin/../lib/gcc/../../lib/gcc/x86_64-linux-gnu/14.2.0/include-fixed/x86_64-linux-gnu"
ignoring duplicate directory "/usr/local/gcc-14.2.0/bin/../lib/gcc/../../lib/gcc/x86_64-linux-gnu/14.2.0/include-fixed"
ignoring nonexistent directory "/usr/local/gcc-14.2.0/bin/../lib/gcc/../../lib/gcc/x86_64-linux-gnu/14.2.0/../../../../x86_64-linux-gnu/include"
#include "..." search starts here:
#include <...> search starts here:
 /usr/local/gcc-14.2.0/bin/../lib/gcc/x86_64-linux-gnu/14.2.0/../../../../include/c++/14.2.0
 /usr/local/gcc-14.2.0/bin/../lib/gcc/x86_64-linux-gnu/14.2.0/../../../../include/c++/14.2.0/x86_64-linux-gnu
 /usr/local/gcc-14.2.0/bin/../lib/gcc/x86_64-linux-gnu/14.2.0/../../../../include/c++/14.2.0/backward
 /usr/local/gcc-14.2.0/bin/../lib/gcc/x86_64-linux-gnu/14.2.0/include
 /usr/local/gcc-14.2.0/bin/../lib/gcc/x86_64-linux-gnu/14.2.0/include-fixed/x86_64-linux-gnu
 /usr/local/gcc-14.2.0/bin/../lib/gcc/x86_64-linux-gnu/14.2.0/include-fixed
 /usr/local/include
 /usr/local/gcc-14.2.0/bin/../lib/gcc/../../include
 /usr/include/x86_64-linux-gnu
 /usr/include
End of search list.
Compiler executable checksum: 1d1da80131f861c56d7c83b6719073e8
COLLECT_GCC_OPTIONS='-v' '-o' 'CMakeFiles/cmTC_ff67b.dir/CMakeCXXCompilerABI.cpp.o' '-c' '-shared-libgcc' '-mtune=generic' '-march=x86-64' '-dumpdir' 'CMakeFiles/cmTC_ff67b.dir/'
 as -v --64 -o CMakeFiles/cmTC_ff67b.dir/CMakeCXXCompilerABI.cpp.o /tmp/ccJPPXqQ.s
GNU assembler version 2.34 (x86_64-linux-gnu) using BFD version (GNU Binutils for Ubuntu) 2.34
COMPILER_PATH=/usr/local/gcc-14.2.0/bin/../libexec/gcc/x86_64-linux-gnu/14.2.0/:/usr/local/gcc-14.2.0/bin/../libexec/gcc/x86_64-linux-gnu/:/usr/local/gcc-14.2.0/bin/../libexec/gcc/
LIBRARY_PATH=/usr/local/gcc-14.2.0/bin/../lib/gcc/x86_64-linux-gnu/14.2.0/:/usr/local/gcc-14.2.0/bin/../lib/gcc/x86_64-linux-gnu/:/usr/local/gcc-14.2.0/bin/../lib/gcc/:/usr/local/gcc-14.2.0/bin/../lib/gcc/x86_64-linux-gnu/14.2.0/../../../../lib64/:/lib/x86_64-linux-gnu/:/lib/../lib64/:/usr/lib/x86_64-linux-gnu/:/usr/lib/../lib64/:/usr/local/gcc-14.2.0/bin/../lib/gcc/x86_64-linux-gnu/14.2.0/../../../:/lib/:/usr/lib/
COLLECT_GCC_OPTIONS='-v' '-o' 'CMakeFiles/cmTC_ff67b.dir/CMakeCXXCompilerABI.cpp.o' '-c' '-shared-libgcc' '-mtune=generic' '-march=x86-64' '-dumpdir' 'CMakeFiles/cmTC_ff67b.dir/CMakeCXXCompilerABI.cpp.'
Linking CXX executable cmTC_ff67b
/usr/local/bin/cmake -E cmake_link_script CMakeFiles/cmTC_ff67b.dir/link.txt --verbose=1
/usr/local/gcc-14.2.0/bin/c++  -v CMakeFiles/cmTC_ff67b.dir/CMakeCXXCompilerABI.cpp.o -o cmTC_ff67b 
Using built-in specs.
COLLECT_GCC=/usr/local/gcc-14.2.0/bin/c++
COLLECT_LTO_WRAPPER=/usr/local/gcc-14.2.0/bin/../libexec/gcc/x86_64-linux-gnu/14.2.0/lto-wrapper
Target: x86_64-linux-gnu
Configured with: ./configure -v --build=x86_64-linux-gnu --host=x86_64-linux-gnu --target=x86_64-linux-gnu --prefix=/usr/local/gcc-14.1.0 --enable-checking=release --enable-languages=c,c++ --disable-multilib
Thread model: posix
Supported LTO compression algorithms: zlib
gcc version 14.2.0 (GCC) 
COMPILER_PATH=/usr/local/gcc-14.2.0/bin/../libexec/gcc/x86_64-linux-gnu/14.2.0/:/usr/local/gcc-14.2.0/bin/../libexec/gcc/x86_64-linux-gnu/:/usr/local/gcc-14.2.0/bin/../libexec/gcc/
LIBRARY_PATH=/usr/local/gcc-14.2.0/bin/../lib/gcc/x86_64-linux-gnu/14.2.0/:/usr/local/gcc-14.2.0/bin/../lib/gcc/x86_64-linux-gnu/:/usr/local/gcc-14.2.0/bin/../lib/gcc/:/usr/local/gcc-14.2.0/bin/../lib/gcc/x86_64-linux-gnu/14.2.0/../../../../lib64/:/lib/x86_64-linux-gnu/:/lib/../lib64/:/usr/lib/x86_64-linux-gnu/:/usr/lib/../lib64/:/usr/local/gcc-14.2.0/bin/../lib/gcc/x86_64-linux-gnu/14.2.0/../../../:/lib/:/usr/lib/
COLLECT_GCC_OPTIONS='-v' '-o' 'cmTC_ff67b' '-shared-libgcc' '-mtune=generic' '-march=x86-64' '-dumpdir' 'cmTC_ff67b.'
 /usr/local/gcc-14.2.0/bin/../libexec/gcc/x86_64-linux-gnu/14.2.0/collect2 -plugin /usr/local/gcc-14.2.0/bin/../libexec/gcc/x86_64-linux-gnu/14.2.0/liblto_plugin.so -plugin-opt=/usr/local/gcc-14.2.0/bin/../libexec/gcc/x86_64-linux-gnu/14.2.0/lto-wrapper -plugin-opt=-fresolution=/tmp/ccFVrGvj.res -plugin-opt=-pass-through=-lgcc_s -plugin-opt=-pass-through=-lgcc -plugin-opt=-pass-through=-lc -plugin-opt=-pass-through=-lgcc_s -plugin-opt=-pass-through=-lgcc --eh-frame-hdr -m elf_x86_64 -dynamic-linker /lib64/ld-linux-x86-64.so.2 -o cmTC_ff67b /lib/x86_64-linux-gnu/crt1.o /lib/x86_64-linux-gnu/crti.o /usr/local/gcc-14.2.0/bin/../lib/gcc/x86_64-linux-gnu/14.2.0/crtbegin.o -L/usr/local/gcc-14.2.0/bin/../lib/gcc/x86_64-linux-gnu/14.2.0 -L/usr/local/gcc-14.2.0/bin/../lib/gcc/x86_64-linux-gnu -L/usr/local/gcc-14.2.0/bin/../lib/gcc -L/usr/local/gcc-14.2.0/bin/../lib/gcc/x86_64-linux-gnu/14.2.0/../../../../lib64 -L/lib/x86_64-linux-gnu -L/lib/../lib64 -L/usr/lib/x86_64-linux-gnu -L/usr/lib/../lib64 -L/usr/local/gcc-14.2.0/bin/../lib/gcc/x86_64-linux-gnu/14.2.0/../../.. CMakeFiles/cmTC_ff67b.dir/CMakeCXXCompilerABI.cpp.o -lstdc++ -lm -lgcc_s -lgcc -lc -lgcc_s -lgcc /usr/local/gcc-14.2.0/bin/../lib/gcc/x86_64-linux-gnu/14.2.0/crtend.o /lib/x86_64-linux-gnu/crtn.o
COLLECT_GCC_OPTIONS='-v' '-o' 'cmTC_ff67b' '-shared-libgcc' '-mtune=generic' '-march=x86-64' '-dumpdir' 'cmTC_ff67b.'
make[1]: warning:  Clock skew detected.  Your build may be incomplete.
make[1]: Leaving directory '/mnt/home/guansj/GeneAIG/GeneMltiAIG/CMakeFiles/CMakeTmp'



Parsed CXX implicit include dir info from above output: rv=done
  found start of include info
  found start of implicit include info
    add: [/usr/local/gcc-14.2.0/bin/../lib/gcc/x86_64-linux-gnu/14.2.0/../../../../include/c++/14.2.0]
    add: [/usr/local/gcc-14.2.0/bin/../lib/gcc/x86_64-linux-gnu/14.2.0/../../../../include/c++/14.2.0/x86_64-linux-gnu]
    add: [/usr/local/gcc-14.2.0/bin/../lib/gcc/x86_64-linux-gnu/14.2.0/../../../../include/c++/14.2.0/backward]
    add: [/usr/local/gcc-14.2.0/bin/../lib/gcc/x86_64-linux-gnu/14.2.0/include]
    add: [/usr/local/gcc-14.2.0/bin/../lib/gcc/x86_64-linux-gnu/14.2.0/include-fixed/x86_64-linux-gnu]
    add: [/usr/local/gcc-14.2.0/bin/../lib/gcc/x86_64-linux-gnu/14.2.0/include-fixed]
    add: [/usr/local/include]
    add: [/usr/local/gcc-14.2.0/bin/../lib/gcc/../../include]
    add: [/usr/include/x86_64-linux-gnu]
    add: [/usr/include]
  end of search list found
  collapse include dir [/usr/local/gcc-14.2.0/bin/../lib/gcc/x86_64-linux-gnu/14.2.0/../../../../include/c++/14.2.0] ==> [/usr/local/gcc-14.2.0/include/c++/14.2.0]
  collapse include dir [/usr/local/gcc-14.2.0/bin/../lib/gcc/x86_64-linux-gnu/14.2.0/../../../../include/c++/14.2.0/x86_64-linux-gnu] ==> [/usr/local/gcc-14.2.0/include/c++/14.2.0/x86_64-linux-gnu]
  collapse include dir [/usr/local/gcc-14.2.0/bin/../lib/gcc/x86_64-linux-gnu/14.2.0/../../../../include/c++/14.2.0/backward] ==> [/usr/local/gcc-14.2.0/include/c++/14.2.0/backward]
  collapse include dir [/usr/local/gcc-14.2.0/bin/../lib/gcc/x86_64-linux-gnu/14.2.0/include] ==> [/usr/local/gcc-14.2.0/lib/gcc/x86_64-linux-gnu/14.2.0/include]
  collapse include dir [/usr/local/gcc-14.2.0/bin/../lib/gcc/x86_64-linux-gnu/14.2.0/include-fixed/x86_64-linux-gnu] ==> [/usr/local/gcc-14.2.0/lib/gcc/x86_64-linux-gnu/14.2.0/include-fixed/x86_64-linux-gnu]
  collapse include dir [/usr/local/gcc-14.2.0/bin/../lib/gcc/x86_64-linux-gnu/14.2.0/include-fixed] ==> [/usr/local/gcc-14.2.0/lib/gcc/x86_64-linux-gnu/14.2.0/include-fixed]
  collapse include dir [/usr/local/include] ==> [/usr/local/include]
  collapse include dir [/usr/local/gcc-14.2.0/bin/../lib/gcc/../../include] ==> [/usr/local/gcc-14.2.0/include]
  collapse include dir [/usr/include/x86_64-linux-gnu] ==> [/usr/include/x86_64-linux-gnu]
  collapse include dir [/usr/include] ==> [/usr/include]
  implicit include dirs: [/usr/local/gcc-14.2.0/include/c++/14.2.0;/usr/local/gcc-14.2.0/include/c++/14.2.0/x86_64-linux-gnu;/usr/local/gcc-14.2.0/include/c++/14.2.0/backward;/usr/local/gcc-14.2.0/lib/gcc/x86_64-linux-gnu/14.2.0/include;/usr/local/gcc-14.2.0/lib/gcc/x86_64-linux-gnu/14.2.0/include-fixed/x86_64-linux-gnu;/usr/local/gcc-14.2.0/lib/gcc/x86_64-linux-gnu/14.2.0/include-fixed;/usr/local/include;/usr/local/gcc-14.2.0/include;/usr/include/x86_64-linux-gnu;/usr/include]


Parsed CXX implicit link information from above output:
  link line regex: [^( *|.*[/\])(ld|CMAKE_LINK_STARTFILE-NOTFOUND|([^/\]+-)?ld|collect2)[^/\]*( |$)]
  ignore line: [Change Dir: /mnt/home/guansj/GeneAIG/GeneMltiAIG/CMakeFiles/CMakeTmp]
  ignore line: []
  ignore line: [Run Build Command(s):/usr/bin/make cmTC_ff67b/fast && /usr/bin/make  -f CMakeFiles/cmTC_ff67b.dir/build.make CMakeFiles/cmTC_ff67b.dir/build]
  ignore line: [make[1]: Entering directory '/mnt/home/guansj/GeneAIG/GeneMltiAIG/CMakeFiles/CMakeTmp']
  ignore line: [make[1]: Warning: File 'CMakeFiles/cmTC_ff67b.dir/progress.make' has modification time 0.0027 s in the future]
  ignore line: [Building CXX object CMakeFiles/cmTC_ff67b.dir/CMakeCXXCompilerABI.cpp.o]
  ignore line: [/usr/local/gcc-14.2.0/bin/c++   -v -o CMakeFiles/cmTC_ff67b.dir/CMakeCXXCompilerABI.cpp.o -c /usr/local/share/cmake-3.18/Modules/CMakeCXXCompilerABI.cpp]
  ignore line: [Using built-in specs.]
  ignore line: [COLLECT_GCC=/usr/local/gcc-14.2.0/bin/c++]
  ignore line: [Target: x86_64-linux-gnu]
  ignore line: [Configured with: ./configure -v --build=x86_64-linux-gnu --host=x86_64-linux-gnu --target=x86_64-linux-gnu --prefix=/usr/local/gcc-14.1.0 --enable-checking=release --enable-languages=c c++ --disable-multilib]
  ignore line: [Thread model: posix]
  ignore line: [Supported LTO compression algorithms: zlib]
  ignore line: [gcc version 14.2.0 (GCC) ]
  ignore line: [COLLECT_GCC_OPTIONS='-v' '-o' 'CMakeFiles/cmTC_ff67b.dir/CMakeCXXCompilerABI.cpp.o' '-c' '-shared-libgcc' '-mtune=generic' '-march=x86-64' '-dumpdir' 'CMakeFiles/cmTC_ff67b.dir/']
  ignore line: [ /usr/local/gcc-14.2.0/bin/../libexec/gcc/x86_64-linux-gnu/14.2.0/cc1plus -quiet -v -imultiarch x86_64-linux-gnu -iprefix /usr/local/gcc-14.2.0/bin/../lib/gcc/x86_64-linux-gnu/14.2.0/ -D_GNU_SOURCE /usr/local/share/cmake-3.18/Modules/CMakeCXXCompilerABI.cpp -quiet -dumpdir CMakeFiles/cmTC_ff67b.dir/ -dumpbase CMakeCXXCompilerABI.cpp.cpp -dumpbase-ext .cpp -mtune=generic -march=x86-64 -version -o /tmp/ccJPPXqQ.s]
  ignore line: [GNU C++17 (GCC) version 14.2.0 (x86_64-linux-gnu)]
  ignore line: [	compiled by GNU C version 14.2.0  GMP version 6.2.0  MPFR version 4.0.2  MPC version 1.1.0  isl version none]
  ignore line: [GGC heuristics: --param ggc-min-expand=100 --param ggc-min-heapsize=131072]
  ignore line: [ignoring nonexistent directory "/usr/local/gcc-14.2.0/bin/../lib/gcc/x86_64-linux-gnu/14.2.0/../../../../x86_64-linux-gnu/include"]
  ignore line: [ignoring duplicate directory "/usr/local/gcc-14.2.0/bin/../lib/gcc/../../lib/gcc/x86_64-linux-gnu/14.2.0/../../../../include/c++/14.2.0"]
  ignore line: [ignoring duplicate directory "/usr/local/gcc-14.2.0/bin/../lib/gcc/../../lib/gcc/x86_64-linux-gnu/14.2.0/../../../../include/c++/14.2.0/x86_64-linux-gnu"]
  ignore line: [ignoring duplicate directory "/usr/local/gcc-14.2.0/bin/../lib/gcc/../../lib/gcc/x86_64-linux-gnu/14.2.0/../../../../include/c++/14.2.0/backward"]
  ignore line: [ignoring duplicate directory "/usr/local/gcc-14.2.0/bin/../lib/gcc/../../lib/gcc/x86_64-linux-gnu/14.2.0/include"]
  ignore line: [ignoring nonexistent directory "/usr/local/include/x86_64-linux-gnu"]
  ignore line: [ignoring duplicate directory "/usr/local/gcc-14.2.0/bin/../lib/gcc/../../lib/gcc/x86_64-linux-gnu/14.2.0/include-fixed/x86_64-linux-gnu"]
  ignore line: [ignoring duplicate directory "/usr/local/gcc-14.2.0/bin/../lib/gcc/../../lib/gcc/x86_64-linux-gnu/14.2.0/include-fixed"]
  ignore line: [ignoring nonexistent directory "/usr/local/gcc-14.2.0/bin/../lib/gcc/../../lib/gcc/x86_64-linux-gnu/14.2.0/../../../../x86_64-linux-gnu/include"]
  ignore line: [#include "..." search starts here:]
  ignore line: [#include <...> search starts here:]
  ignore line: [ /usr/local/gcc-14.2.0/bin/../lib/gcc/x86_64-linux-gnu/14.2.0/../../../../include/c++/14.2.0]
  ignore line: [ /usr/local/gcc-14.2.0/bin/../lib/gcc/x86_64-linux-gnu/14.2.0/../../../../include/c++/14.2.0/x86_64-linux-gnu]
  ignore line: [ /usr/local/gcc-14.2.0/bin/../lib/gcc/x86_64-linux-gnu/14.2.0/../../../../include/c++/14.2.0/backward]
  ignore line: [ /usr/local/gcc-14.2.0/bin/../lib/gcc/x86_64-linux-gnu/14.2.0/include]
  ignore line: [ /usr/local/gcc-14.2.0/bin/../lib/gcc/x86_64-linux-gnu/14.2.0/include-fixed/x86_64-linux-gnu]
  ignore line: [ /usr/local/gcc-14.2.0/bin/../lib/gcc/x86_64-linux-gnu/14.2.0/include-fixed]
  ignore line: [ /usr/local/include]
  ignore line: [ /usr/local/gcc-14.2.0/bin/../lib/gcc/../../include]
  ignore line: [ /usr/include/x86_64-linux-gnu]
  ignore line: [ /usr/include]
  ignore line: [End of search list.]
  ignore line: [Compiler executable checksum: 1d1da80131f861c56d7c83b6719073e8]
  ignore line: [COLLECT_GCC_OPTIONS='-v' '-o' 'CMakeFiles/cmTC_ff67b.dir/CMakeCXXCompilerABI.cpp.o' '-c' '-shared-libgcc' '-mtune=generic' '-march=x86-64' '-dumpdir' 'CMakeFiles/cmTC_ff67b.dir/']
  ignore line: [ as -v --64 -o CMakeFiles/cmTC_ff67b.dir/CMakeCXXCompilerABI.cpp.o /tmp/ccJPPXqQ.s]
  ignore line: [GNU assembler version 2.34 (x86_64-linux-gnu) using BFD version (GNU Binutils for Ubuntu) 2.34]
  ignore line: [COMPILER_PATH=/usr/local/gcc-14.2.0/bin/../libexec/gcc/x86_64-linux-gnu/14.2.0/:/usr/local/gcc-14.2.0/bin/../libexec/gcc/x86_64-linux-gnu/:/usr/local/gcc-14.2.0/bin/../libexec/gcc/]
  ignore line: [LIBRARY_PATH=/usr/local/gcc-14.2.0/bin/../lib/gcc/x86_64-linux-gnu/14.2.0/:/usr/local/gcc-14.2.0/bin/../lib/gcc/x86_64-linux-gnu/:/usr/local/gcc-14.2.0/bin/../lib/gcc/:/usr/local/gcc-14.2.0/bin/../lib/gcc/x86_64-linux-gnu/14.2.0/../../../../lib64/:/lib/x86_64-linux-gnu/:/lib/../lib64/:/usr/lib/x86_64-linux-gnu/:/usr/lib/../lib64/:/usr/local/gcc-14.2.0/bin/../lib/gcc/x86_64-linux-gnu/14.2.0/../../../:/lib/:/usr/lib/]
  ignore line: [COLLECT_GCC_OPTIONS='-v' '-o' 'CMakeFiles/cmTC_ff67b.dir/CMakeCXXCompilerABI.cpp.o' '-c' '-shared-libgcc' '-mtune=generic' '-march=x86-64' '-dumpdir' 'CMakeFiles/cmTC_ff67b.dir/CMakeCXXCompilerABI.cpp.']
  ignore line: [Linking CXX executable cmTC_ff67b]
  ignore line: [/usr/local/bin/cmake -E cmake_link_script CMakeFiles/cmTC_ff67b.dir/link.txt --verbose=1]
  ignore line: [/usr/local/gcc-14.2.0/bin/c++  -v CMakeFiles/cmTC_ff67b.dir/CMakeCXXCompilerABI.cpp.o -o cmTC_ff67b ]
  ignore line: [Using built-in specs.]
  ignore line: [COLLECT_GCC=/usr/local/gcc-14.2.0/bin/c++]
  ignore line: [COLLECT_LTO_WRAPPER=/usr/local/gcc-14.2.0/bin/../libexec/gcc/x86_64-linux-gnu/14.2.0/lto-wrapper]
  ignore line: [Target: x86_64-linux-gnu]
  ignore line: [Configured with: ./configure -v --build=x86_64-linux-gnu --host=x86_64-linux-gnu --target=x86_64-linux-gnu --prefix=/usr/local/gcc-14.1.0 --enable-checking=release --enable-languages=c c++ --disable-multilib]
  ignore line: [Thread model: posix]
  ignore line: [Supported LTO compression algorithms: zlib]
  ignore line: [gcc version 14.2.0 (GCC) ]
  ignore line: [COMPILER_PATH=/usr/local/gcc-14.2.0/bin/../libexec/gcc/x86_64-linux-gnu/14.2.0/:/usr/local/gcc-14.2.0/bin/../libexec/gcc/x86_64-linux-gnu/:/usr/local/gcc-14.2.0/bin/../libexec/gcc/]
  ignore line: [LIBRARY_PATH=/usr/local/gcc-14.2.0/bin/../lib/gcc/x86_64-linux-gnu/14.2.0/:/usr/local/gcc-14.2.0/bin/../lib/gcc/x86_64-linux-gnu/:/usr/local/gcc-14.2.0/bin/../lib/gcc/:/usr/local/gcc-14.2.0/bin/../lib/gcc/x86_64-linux-gnu/14.2.0/../../../../lib64/:/lib/x86_64-linux-gnu/:/lib/../lib64/:/usr/lib/x86_64-linux-gnu/:/usr/lib/../lib64/:/usr/local/gcc-14.2.0/bin/../lib/gcc/x86_64-linux-gnu/14.2.0/../../../:/lib/:/usr/lib/]
  ignore line: [COLLECT_GCC_OPTIONS='-v' '-o' 'cmTC_ff67b' '-shared-libgcc' '-mtune=generic' '-march=x86-64' '-dumpdir' 'cmTC_ff67b.']
  link line: [ /usr/local/gcc-14.2.0/bin/../libexec/gcc/x86_64-linux-gnu/14.2.0/collect2 -plugin /usr/local/gcc-14.2.0/bin/../libexec/gcc/x86_64-linux-gnu/14.2.0/liblto_plugin.so -plugin-opt=/usr/local/gcc-14.2.0/bin/../libexec/gcc/x86_64-linux-gnu/14.2.0/lto-wrapper -plugin-opt=-fresolution=/tmp/ccFVrGvj.res -plugin-opt=-pass-through=-lgcc_s -plugin-opt=-pass-through=-lgcc -plugin-opt=-pass-through=-lc -plugin-opt=-pass-through=-lgcc_s -plugin-opt=-pass-through=-lgcc --eh-frame-hdr -m elf_x86_64 -dynamic-linker /lib64/ld-linux-x86-64.so.2 -o cmTC_ff67b /lib/x86_64-linux-gnu/crt1.o /lib/x86_64-linux-gnu/crti.o /usr/local/gcc-14.2.0/bin/../lib/gcc/x86_64-linux-gnu/14.2.0/crtbegin.o -L/usr/local/gcc-14.2.0/bin/../lib/gcc/x86_64-linux-gnu/14.2.0 -L/usr/local/gcc-14.2.0/bin/../lib/gcc/x86_64-linux-gnu -L/usr/local/gcc-14.2.0/bin/../lib/gcc -L/usr/local/gcc-14.2.0/bin/../lib/gcc/x86_64-linux-gnu/14.2.0/../../../../lib64 -L/lib/x86_64-linux-gnu -L/lib/../lib64 -L/usr/lib/x86_64-linux-gnu -L/usr/lib/../lib64 -L/usr/local/gcc-14.2.0/bin/../lib/gcc/x86_64-linux-gnu/14.2.0/../../.. CMakeFiles/cmTC_ff67b.dir/CMakeCXXCompilerABI.cpp.o -lstdc++ -lm -lgcc_s -lgcc -lc -lgcc_s -lgcc /usr/local/gcc-14.2.0/bin/../lib/gcc/x86_64-linux-gnu/14.2.0/crtend.o /lib/x86_64-linux-gnu/crtn.o]
    arg [/usr/local/gcc-14.2.0/bin/../libexec/gcc/x86_64-linux-gnu/14.2.0/collect2] ==> ignore
    arg [-plugin] ==> ignore
    arg [/usr/local/gcc-14.2.0/bin/../libexec/gcc/x86_64-linux-gnu/14.2.0/liblto_plugin.so] ==> ignore
    arg [-plugin-opt=/usr/local/gcc-14.2.0/bin/../libexec/gcc/x86_64-linux-gnu/14.2.0/lto-wrapper] ==> ignore
    arg [-plugin-opt=-fresolution=/tmp/ccFVrGvj.res] ==> ignore
    arg [-plugin-opt=-pass-through=-lgcc_s] ==> ignore
    arg [-plugin-opt=-pass-through=-lgcc] ==> ignore
    arg [-plugin-opt=-pass-through=-lc] ==> ignore
    arg [-plugin-opt=-pass-through=-lgcc_s] ==> ignore
    arg [-plugin-opt=-pass-through=-lgcc] ==> ignore
    arg [--eh-frame-hdr] ==> ignore
    arg [-m] ==> ignore
    arg [elf_x86_64] ==> ignore
    arg [-dynamic-linker] ==> ignore
    arg [/lib64/ld-linux-x86-64.so.2] ==> ignore
    arg [-o] ==> ignore
    arg [cmTC_ff67b] ==> ignore
    arg [/lib/x86_64-linux-gnu/crt1.o] ==> ignore
    arg [/lib/x86_64-linux-gnu/crti.o] ==> ignore
    arg [/usr/local/gcc-14.2.0/bin/../lib/gcc/x86_64-linux-gnu/14.2.0/crtbegin.o] ==> ignore
    arg [-L/usr/local/gcc-14.2.0/bin/../lib/gcc/x86_64-linux-gnu/14.2.0] ==> dir [/usr/local/gcc-14.2.0/bin/../lib/gcc/x86_64-linux-gnu/14.2.0]
    arg [-L/usr/local/gcc-14.2.0/bin/../lib/gcc/x86_64-linux-gnu] ==> dir [/usr/local/gcc-14.2.0/bin/../lib/gcc/x86_64-linux-gnu]
    arg [-L/usr/local/gcc-14.2.0/bin/../lib/gcc] ==> dir [/usr/local/gcc-14.2.0/bin/../lib/gcc]
    arg [-L/usr/local/gcc-14.2.0/bin/../lib/gcc/x86_64-linux-gnu/14.2.0/../../../../lib64] ==> dir [/usr/local/gcc-14.2.0/bin/../lib/gcc/x86_64-linux-gnu/14.2.0/../../../../lib64]
    arg [-L/lib/x86_64-linux-gnu] ==> dir [/lib/x86_64-linux-gnu]
    arg [-L/lib/../lib64] ==> dir [/lib/../lib64]
    arg [-L/usr/lib/x86_64-linux-gnu] ==> dir [/usr/lib/x86_64-linux-gnu]
    arg [-L/usr/lib/../lib64] ==> dir [/usr/lib/../lib64]
    arg [-L/usr/local/gcc-14.2.0/bin/../lib/gcc/x86_64-linux-gnu/14.2.0/../../..] ==> dir [/usr/local/gcc-14.2.0/bin/../lib/gcc/x86_64-linux-gnu/14.2.0/../../..]
    arg [CMakeFiles/cmTC_ff67b.dir/CMakeCXXCompilerABI.cpp.o] ==> ignore
    arg [-lstdc++] ==> lib [stdc++]
    arg [-lm] ==> lib [m]
    arg [-lgcc_s] ==> lib [gcc_s]
    arg [-lgcc] ==> lib [gcc]
    arg [-lc] ==> lib [c]
    arg [-lgcc_s] ==> lib [gcc_s]
    arg [-lgcc] ==> lib [gcc]
    arg [/usr/local/gcc-14.2.0/bin/../lib/gcc/x86_64-linux-gnu/14.2.0/crtend.o] ==> ignore
    arg [/lib/x86_64-linux-gnu/crtn.o] ==> ignore
  collapse library dir [/usr/local/gcc-14.2.0/bin/../lib/gcc/x86_64-linux-gnu/14.2.0] ==> [/usr/local/gcc-14.2.0/lib/gcc/x86_64-linux-gnu/14.2.0]
  collapse library dir [/usr/local/gcc-14.2.0/bin/../lib/gcc/x86_64-linux-gnu] ==> [/usr/local/gcc-14.2.0/lib/gcc/x86_64-linux-gnu]
  collapse library dir [/usr/local/gcc-14.2.0/bin/../lib/gcc] ==> [/usr/local/gcc-14.2.0/lib/gcc]
  collapse library dir [/usr/local/gcc-14.2.0/bin/../lib/gcc/x86_64-linux-gnu/14.2.0/../../../../lib64] ==> [/usr/local/gcc-14.2.0/lib64]
  collapse library dir [/lib/x86_64-linux-gnu] ==> [/lib/x86_64-linux-gnu]
  collapse library dir [/lib/../lib64] ==> [/lib64]
  collapse library dir [/usr/lib/x86_64-linux-gnu] ==> [/usr/lib/x86_64-linux-gnu]
  collapse library dir [/usr/lib/../lib64] ==> [/usr/lib64]
  collapse library dir [/usr/local/gcc-14.2.0/bin/../lib/gcc/x86_64-linux-gnu/14.2.0/../../..] ==> [/usr/local/gcc-14.2.0/lib]
  implicit libs: [stdc++;m;gcc_s;gcc;c;gcc_s;gcc]
  implicit dirs: [/usr/local/gcc-14.2.0/lib/gcc/x86_64-linux-gnu/14.2.0;/usr/local/gcc-14.2.0/lib/gcc/x86_64-linux-gnu;/usr/local/gcc-14.2.0/lib/gcc;/usr/local/gcc-14.2.0/lib64;/lib/x86_64-linux-gnu;/lib64;/usr/lib/x86_64-linux-gnu;/usr/lib64;/usr/local/gcc-14.2.0/lib]
  implicit fwks: []


